This is pdfTeX, Version 3.14159265-2.6-1.40.15 (TeX Live 2015/dev/Debian) (preloaded format=pdflatex 2016.11.16)  3 DEC 2016 22:23
entering extended mode
 restricted \write18 enabled.
 %&-line parsing enabled.
**directory.tex
(./directory.tex
LaTeX2e <2014/05/01>
Babel <3.9l> and hyphenation patterns for 79 languages loaded.
(/usr/share/texlive/texmf-dist/tex/latex/base/article.cls
Document Class: article 2014/09/29 v1.4h Standard LaTeX document class
(/usr/share/texlive/texmf-dist/tex/latex/base/size10.clo
File: size10.clo 2014/09/29 v1.4h Standard LaTeX file (size option)
)
\c@part=\count79
\c@section=\count80
\c@subsection=\count81
\c@subsubsection=\count82
\c@paragraph=\count83
\c@subparagraph=\count84
\c@figure=\count85
\c@table=\count86
\abovecaptionskip=\skip41
\belowcaptionskip=\skip42
\bibindent=\dimen102
)
No file directory.aux.
\openout1 = `directory.aux'.

LaTeX Font Info:    Checking defaults for OML/cmm/m/it on input line 1.
LaTeX Font Info:    ... okay on input line 1.
LaTeX Font Info:    Checking defaults for T1/cmr/m/n on input line 1.
LaTeX Font Info:    ... okay on input line 1.
LaTeX Font Info:    Checking defaults for OT1/cmr/m/n on input line 1.
LaTeX Font Info:    ... okay on input line 1.
LaTeX Font Info:    Checking defaults for OMS/cmsy/m/n on input line 1.
LaTeX Font Info:    ... okay on input line 1.
LaTeX Font Info:    Checking defaults for OMX/cmex/m/n on input line 1.
LaTeX Font Info:    ... okay on input line 1.
LaTeX Font Info:    Checking defaults for U/cmr/m/n on input line 1.
LaTeX Font Info:    ... okay on input line 1.
LaTeX Font Info:    External font `cmex10' loaded for size
(Font)              <12> on input line 1.
LaTeX Font Info:    External font `cmex10' loaded for size
(Font)              <8> on input line 1.
LaTeX Font Info:    External font `cmex10' loaded for size
(Font)              <6> on input line 1.
LaTeX Font Info:    External font `cmex10' loaded for size
(Font)              <7> on input line 1.
LaTeX Font Info:    External font `cmex10' loaded for size
(Font)              <5> on input line 1.
! Misplaced \noalign.
\hline ->\noalign 
                  {\ifnum 0=`}\fi \hrule \@height \arrayrulewidth \futurelet...
l.1 ...in{tabular}{cl}Dr Ke Yuan&01413306034\hline
                                                   Dr Graham Wilson&01413308...

? 
! You can't use `\hrule' here except with leaders.
\hline ->\noalign {\ifnum 0=`}\fi \hrule 
                                         \@height \arrayrulewidth \futurelet...
l.1 ...in{tabular}{cl}Dr Ke Yuan&01413306034\hline
                                                   Dr Graham Wilson&01413308...

? 
! Missing number, treated as zero.
<to be read again> 
                   \futurelet 
l.1 ...in{tabular}{cl}Dr Ke Yuan&01413306034\hline
                                                   Dr Graham Wilson&01413308...

? 
! Illegal unit of measure (pt inserted).
<to be read again> 
                   \futurelet 
l.1 ...in{tabular}{cl}Dr Ke Yuan&01413306034\hline
                                                   Dr Graham Wilson&01413308...

? 
! Extra alignment tab has been changed to \cr.
<recently read> \endtemplate 
                             
l.1 ...Ke Yuan&01413306034\hline Dr Graham Wilson&
                                                  01413308430\hline Dr Julie...

? 
! Misplaced \noalign.
\hline ->\noalign 
                  {\ifnum 0=`}\fi \hrule \@height \arrayrulewidth \futurelet...
l.1 ...34\hline Dr Graham Wilson&01413308430\hline
                                                   Dr Julie Williamson&01413...

? 
! You can't use `\hrule' here except with leaders.
\hline ->\noalign {\ifnum 0=`}\fi \hrule 
                                         \@height \arrayrulewidth \futurelet...
l.1 ...34\hline Dr Graham Wilson&01413308430\hline
                                                   Dr Julie Williamson&01413...

? 
! Missing number, treated as zero.
<to be read again> 
                   \futurelet 
l.1 ...34\hline Dr Graham Wilson&01413308430\hline
                                                   Dr Julie Williamson&01413...

? 
! Illegal unit of measure (pt inserted).
<to be read again> 
                   \futurelet 
l.1 ...34\hline Dr Graham Wilson&01413308430\hline
                                                   Dr Julie Williamson&01413...

? 
! Misplaced \noalign.
\hline ->\noalign 
                  {\ifnum 0=`}\fi \hrule \@height \arrayrulewidth \futurelet...
l.1 ...hline Dr Julie Williamson&01413303718\hline
                                                   Dr John Williamson&014133...

? 
! You can't use `\hrule' here except with leaders.
\hline ->\noalign {\ifnum 0=`}\fi \hrule 
                                         \@height \arrayrulewidth \futurelet...
l.1 ...hline Dr Julie Williamson&01413303718\hline
                                                   Dr John Williamson&014133...

? 
! Missing number, treated as zero.
<to be read again> 
                   \futurelet 
l.1 ...hline Dr Julie Williamson&01413303718\hline
                                                   Dr John Williamson&014133...

? 
! Illegal unit of measure (pt inserted).
<to be read again> 
                   \futurelet 
l.1 ...hline Dr Julie Williamson&01413303718\hline
                                                   Dr John Williamson&014133...

? 
! Extra alignment tab has been changed to \cr.
<recently read> \endtemplate 
                             
l.1 ...amson&01413303718\hline Dr John Williamson&
                                                  01413301650\hline Dr Aless...

? 
! Misplaced \noalign.
\hline ->\noalign 
                  {\ifnum 0=`}\fi \hrule \@height \arrayrulewidth \futurelet...
l.1 ...\hline Dr John Williamson&01413301650\hline
                                                   Dr Alessandro Vinciarelli...

? 
! You can't use `\hrule' here except with leaders.
\hline ->\noalign {\ifnum 0=`}\fi \hrule 
                                         \@height \arrayrulewidth \futurelet...
l.1 ...\hline Dr John Williamson&01413301650\hline
                                                   Dr Alessandro Vinciarelli...

? 
! Missing number, treated as zero.
<to be read again> 
                   \futurelet 
l.1 ...\hline Dr John Williamson&01413301650\hline
                                                   Dr Alessandro Vinciarelli...

? 
! Illegal unit of measure (pt inserted).
<to be read again> 
                   \futurelet 
l.1 ...\hline Dr John Williamson&01413301650\hline
                                                   Dr Alessandro Vinciarelli...

? 
! Misplaced \noalign.
\hline ->\noalign 
                  {\ifnum 0=`}\fi \hrule \@height \arrayrulewidth \futurelet...
l.1 ...Dr Alessandro Vinciarelli&01413302795\hline
                                                   Dr Yolanda Vazquez-Alvare...

? 
! You can't use `\hrule' here except with leaders.
\hline ->\noalign {\ifnum 0=`}\fi \hrule 
                                         \@height \arrayrulewidth \futurelet...
l.1 ...Dr Alessandro Vinciarelli&01413302795\hline
                                                   Dr Yolanda Vazquez-Alvare...

? 
! Missing number, treated as zero.
<to be read again> 
                   \futurelet 
l.1 ...Dr Alessandro Vinciarelli&01413302795\hline
                                                   Dr Yolanda Vazquez-Alvare...

? 
! Illegal unit of measure (pt inserted).
<to be read again> 
                   \futurelet 
l.1 ...Dr Alessandro Vinciarelli&01413302795\hline
                                                   Dr Yolanda Vazquez-Alvare...

? 
! Extra alignment tab has been changed to \cr.
<recently read> \endtemplate 
                             
l.1 ...413302795\hline Dr Yolanda Vazquez-Alvarez&
                                                  01413301626\hline Dr Wim V...

? 
! Misplaced \noalign.
\hline ->\noalign 
                  {\ifnum 0=`}\fi \hrule \@height \arrayrulewidth \futurelet...
l.1 ...r Yolanda Vazquez-Alvarez&01413301626\hline
                                                   Dr Wim Vanderbauwhede&014...

? 
! You can't use `\hrule' here except with leaders.
\hline ->\noalign {\ifnum 0=`}\fi \hrule 
                                         \@height \arrayrulewidth \futurelet...
l.1 ...r Yolanda Vazquez-Alvarez&01413301626\hline
                                                   Dr Wim Vanderbauwhede&014...

? 
! Missing number, treated as zero.
<to be read again> 
                   \futurelet 
l.1 ...r Yolanda Vazquez-Alvarez&01413301626\hline
                                                   Dr Wim Vanderbauwhede&014...

? 
! Illegal unit of measure (pt inserted).
<to be read again> 
                   \futurelet 
l.1 ...r Yolanda Vazquez-Alvarez&01413301626\hline
                                                   Dr Wim Vanderbauwhede&014...

? 
! Misplaced \noalign.
\hline ->\noalign 
                  {\ifnum 0=`}\fi \hrule \@height \arrayrulewidth \futurelet...
l.1 ...ine Dr Wim Vanderbauwhede&01413301632\hline
                                                   Professor Phil Trinder&01...

? 
! You can't use `\hrule' here except with leaders.
\hline ->\noalign {\ifnum 0=`}\fi \hrule 
                                         \@height \arrayrulewidth \futurelet...
l.1 ...ine Dr Wim Vanderbauwhede&01413301632\hline
                                                   Professor Phil Trinder&01...

? 
! Missing number, treated as zero.
<to be read again> 
                   \futurelet 
l.1 ...ine Dr Wim Vanderbauwhede&01413301632\hline
                                                   Professor Phil Trinder&01...

? 
! Illegal unit of measure (pt inserted).
<to be read again> 
                   \futurelet 
l.1 ...ine Dr Wim Vanderbauwhede&01413301632\hline
                                                   Professor Phil Trinder&01...

? 
! Extra alignment tab has been changed to \cr.
<recently read> \endtemplate 
                             
l.1 ...e&01413301632\hline Professor Phil Trinder&
                                                  01413303627\hline Professo...

? 
! Misplaced \noalign.
\hline ->\noalign 
                  {\ifnum 0=`}\fi \hrule \@height \arrayrulewidth \futurelet...
l.1 ...ne Professor Phil Trinder&01413303627\hline
                                                   Professor Peter Triantafi...

? 
! You can't use `\hrule' here except with leaders.
\hline ->\noalign {\ifnum 0=`}\fi \hrule 
                                         \@height \arrayrulewidth \futurelet...
l.1 ...ne Professor Phil Trinder&01413303627\hline
                                                   Professor Peter Triantafi...

? 
! Missing number, treated as zero.
<to be read again> 
                   \futurelet 
l.1 ...ne Professor Phil Trinder&01413303627\hline
                                                   Professor Peter Triantafi...

? 
! Illegal unit of measure (pt inserted).
<to be read again> 
                   \futurelet 
l.1 ...ne Professor Phil Trinder&01413303627\hline
                                                   Professor Peter Triantafi...

? 
! Misplaced \noalign.
\hline ->\noalign 
                  {\ifnum 0=`}\fi \hrule \@height \arrayrulewidth \futurelet...
l.1 ...essor Peter Triantafillou&01413304932\hline
                                                   Dr Tim Storer&4970\hline ...

? 
! You can't use `\hrule' here except with leaders.
\hline ->\noalign {\ifnum 0=`}\fi \hrule 
                                         \@height \arrayrulewidth \futurelet...
l.1 ...essor Peter Triantafillou&01413304932\hline
                                                   Dr Tim Storer&4970\hline ...

? 
! Missing number, treated as zero.
<to be read again> 
                   \futurelet 
l.1 ...essor Peter Triantafillou&01413304932\hline
                                                   Dr Tim Storer&4970\hline ...

? 
! Illegal unit of measure (pt inserted).
<to be read again> 
                   \futurelet 
l.1 ...essor Peter Triantafillou&01413304932\hline
                                                   Dr Tim Storer&4970\hline ...

? 
! Extra alignment tab has been changed to \cr.
<recently read> \endtemplate 
                             
l.1 ...antafillou&01413304932\hline Dr Tim Storer&
                                                  4970\hline Dr Jeremy Singe...

? 
! Misplaced \noalign.
\hline ->\noalign 
                  {\ifnum 0=`}\fi \hrule \@height \arrayrulewidth \futurelet...
l.1 ...&01413304932\hline Dr Tim Storer&4970\hline
                                                   Dr Jeremy Singer&01413303...

? 
! You can't use `\hrule' here except with leaders.
\hline ->\noalign {\ifnum 0=`}\fi \hrule 
                                         \@height \arrayrulewidth \futurelet...
l.1 ...&01413304932\hline Dr Tim Storer&4970\hline
                                                   Dr Jeremy Singer&01413303...

? 
! Missing number, treated as zero.
<to be read again> 
                   \futurelet 
l.1 ...&01413304932\hline Dr Tim Storer&4970\hline
                                                   Dr Jeremy Singer&01413303...

? 
! Illegal unit of measure (pt inserted).
<to be read again> 
                   \futurelet 
l.1 ...&01413304932\hline Dr Tim Storer&4970\hline
                                                   Dr Jeremy Singer&01413303...

? 
! Misplaced \noalign.
\hline ->\noalign 
                  {\ifnum 0=`}\fi \hrule \@height \arrayrulewidth \futurelet...
l.1 ...70\hline Dr Jeremy Singer&01413303638\hline
                                                   Dr Paul Siebert&014133031...

? 
! You can't use `\hrule' here except with leaders.
\hline ->\noalign {\ifnum 0=`}\fi \hrule 
                                         \@height \arrayrulewidth \futurelet...
l.1 ...70\hline Dr Jeremy Singer&01413303638\hline
                                                   Dr Paul Siebert&014133031...

? 
! Missing number, treated as zero.
<to be read again> 
                   \futurelet 
l.1 ...70\hline Dr Jeremy Singer&01413303638\hline
                                                   Dr Paul Siebert&014133031...

? 
! Illegal unit of measure (pt inserted).
<to be read again> 
                   \futurelet 
l.1 ...70\hline Dr Jeremy Singer&01413303638\hline
                                                   Dr Paul Siebert&014133031...

? 
! Extra alignment tab has been changed to \cr.
<recently read> \endtemplate 
                             
l.1 ...y Singer&01413303638\hline Dr Paul Siebert&
                                                  01413303124\hline Dr Simon...

? 
! Misplaced \noalign.
\hline ->\noalign 
                  {\ifnum 0=`}\fi \hrule \@height \arrayrulewidth \futurelet...
l.1 ...638\hline Dr Paul Siebert&01413303124\hline
                                                   Dr Simon Rogers&014133016...

? 
! You can't use `\hrule' here except with leaders.
\hline ->\noalign {\ifnum 0=`}\fi \hrule 
                                         \@height \arrayrulewidth \futurelet...
l.1 ...638\hline Dr Paul Siebert&01413303124\hline
                                                   Dr Simon Rogers&014133016...

? 
! Missing number, treated as zero.
<to be read again> 
                   \futurelet 
l.1 ...638\hline Dr Paul Siebert&01413303124\hline
                                                   Dr Simon Rogers&014133016...

? 
! Illegal unit of measure (pt inserted).
<to be read again> 
                   \futurelet 
l.1 ...638\hline Dr Paul Siebert&01413303124\hline
                                                   Dr Simon Rogers&014133016...

? 
! Misplaced \noalign.
\hline ->\noalign 
                  {\ifnum 0=`}\fi \hrule \@height \arrayrulewidth \futurelet...
l.1 ...124\hline Dr Simon Rogers&01413301649\hline
                                                   Dr Karen Renaud&014133020...

? 
! You can't use `\hrule' here except with leaders.
\hline ->\noalign {\ifnum 0=`}\fi \hrule 
                                         \@height \arrayrulewidth \futurelet...
l.1 ...124\hline Dr Simon Rogers&01413301649\hline
                                                   Dr Karen Renaud&014133020...

? 
! Missing number, treated as zero.
<to be read again> 
                   \futurelet 
l.1 ...124\hline Dr Simon Rogers&01413301649\hline
                                                   Dr Karen Renaud&014133020...

? 
! Illegal unit of measure (pt inserted).
<to be read again> 
                   \futurelet 
l.1 ...124\hline Dr Simon Rogers&01413301649\hline
                                                   Dr Karen Renaud&014133020...

? 
! Extra alignment tab has been changed to \cr.
<recently read> \endtemplate 
                             
l.1 ...n Rogers&01413301649\hline Dr Karen Renaud&
                                                  01413302052\hline Mr Andre...

? 
! Misplaced \noalign.
\hline ->\noalign 
                  {\ifnum 0=`}\fi \hrule \@height \arrayrulewidth \futurelet...
l.1 ...649\hline Dr Karen Renaud&01413302052\hline
                                                   Mr Andrew Ramsay&01413301...

? 
! You can't use `\hrule' here except with leaders.
\hline ->\noalign {\ifnum 0=`}\fi \hrule 
                                         \@height \arrayrulewidth \futurelet...
l.1 ...649\hline Dr Karen Renaud&01413302052\hline
                                                   Mr Andrew Ramsay&01413301...

? 
! Missing number, treated as zero.
<to be read again> 
                   \futurelet 
l.1 ...649\hline Dr Karen Renaud&01413302052\hline
                                                   Mr Andrew Ramsay&01413301...

? 
! Illegal unit of measure (pt inserted).
<to be read again> 
                   \futurelet 
l.1 ...649\hline Dr Karen Renaud&01413302052\hline
                                                   Mr Andrew Ramsay&01413301...

? 
! Misplaced \noalign.
\hline ->\noalign 
                  {\ifnum 0=`}\fi \hrule \@height \arrayrulewidth \futurelet...
l.1 ...52\hline Mr Andrew Ramsay&01413301626\hline
                                                   Dr Helen Purchase&0141330...

? 
! You can't use `\hrule' here except with leaders.
\hline ->\noalign {\ifnum 0=`}\fi \hrule 
                                         \@height \arrayrulewidth \futurelet...
l.1 ...52\hline Mr Andrew Ramsay&01413301626\hline
                                                   Dr Helen Purchase&0141330...

? 
! Missing number, treated as zero.
<to be read again> 
                   \futurelet 
l.1 ...52\hline Mr Andrew Ramsay&01413301626\hline
                                                   Dr Helen Purchase&0141330...

? 
! Illegal unit of measure (pt inserted).
<to be read again> 
                   \futurelet 
l.1 ...52\hline Mr Andrew Ramsay&01413301626\hline
                                                   Dr Helen Purchase&0141330...

? 
! Extra alignment tab has been changed to \cr.
<recently read> \endtemplate 
                             
l.1 ...Ramsay&01413301626\hline Dr Helen Purchase&
                                                  01413304484\hline Dr Patri...

? 
! Misplaced \noalign.
\hline ->\noalign 
                  {\ifnum 0=`}\fi \hrule \@height \arrayrulewidth \futurelet...
l.1 ...6\hline Dr Helen Purchase&01413304484\hline
                                                   Dr Patrick Prosser&014133...

? 
! You can't use `\hrule' here except with leaders.
\hline ->\noalign {\ifnum 0=`}\fi \hrule 
                                         \@height \arrayrulewidth \futurelet...
l.1 ...6\hline Dr Helen Purchase&01413304484\hline
                                                   Dr Patrick Prosser&014133...

? 
! Missing number, treated as zero.
<to be read again> 
                   \futurelet 
l.1 ...6\hline Dr Helen Purchase&01413304484\hline
                                                   Dr Patrick Prosser&014133...

? 
! Illegal unit of measure (pt inserted).
<to be read again> 
                   \futurelet 
l.1 ...6\hline Dr Helen Purchase&01413304484\hline
                                                   Dr Patrick Prosser&014133...

? 
! Misplaced \noalign.
\hline ->\noalign 
                  {\ifnum 0=`}\fi \hrule \@height \arrayrulewidth \futurelet...
l.1 ...\hline Dr Patrick Prosser&01413304934\hline
                                                   Dr Ron Poet&01413305321\h...

? 
! You can't use `\hrule' here except with leaders.
\hline ->\noalign {\ifnum 0=`}\fi \hrule 
                                         \@height \arrayrulewidth \futurelet...
l.1 ...\hline Dr Patrick Prosser&01413304934\hline
                                                   Dr Ron Poet&01413305321\h...

? 
! Missing number, treated as zero.
<to be read again> 
                   \futurelet 
l.1 ...\hline Dr Patrick Prosser&01413304934\hline
                                                   Dr Ron Poet&01413305321\h...

? 
! Illegal unit of measure (pt inserted).
<to be read again> 
                   \futurelet 
l.1 ...\hline Dr Patrick Prosser&01413304934\hline
                                                   Dr Ron Poet&01413305321\h...

? 
! Extra alignment tab has been changed to \cr.
<recently read> \endtemplate 
                             
l.1 ...rick Prosser&01413304934\hline Dr Ron Poet&
                                                  01413305321\hline Dr Dimit...

? 
! Misplaced \noalign.
\hline ->\noalign 
                  {\ifnum 0=`}\fi \hrule \@height \arrayrulewidth \futurelet...
l.1 ...3304934\hline Dr Ron Poet&01413305321\hline
                                                   Dr Dimitrios Pezaros&0141...

? 
! You can't use `\hrule' here except with leaders.
\hline ->\noalign {\ifnum 0=`}\fi \hrule 
                                         \@height \arrayrulewidth \futurelet...
l.1 ...3304934\hline Dr Ron Poet&01413305321\hline
                                                   Dr Dimitrios Pezaros&0141...

? 
! Missing number, treated as zero.
<to be read again> 
                   \futurelet 
l.1 ...3304934\hline Dr Ron Poet&01413305321\hline
                                                   Dr Dimitrios Pezaros&0141...

? 
! Illegal unit of measure (pt inserted).
<to be read again> 
                   \futurelet 
l.1 ...3304934\hline Dr Ron Poet&01413305321\hline
                                                   Dr Dimitrios Pezaros&0141...

? 
! Misplaced \noalign.
\hline ->\noalign 
                  {\ifnum 0=`}\fi \hrule \@height \arrayrulewidth \futurelet...
l.1 ...line Dr Dimitrios Pezaros&01413306051\hline
                                                   Dr Colin Perkins&01413302...

? 
! You can't use `\hrule' here except with leaders.
\hline ->\noalign {\ifnum 0=`}\fi \hrule 
                                         \@height \arrayrulewidth \futurelet...
l.1 ...line Dr Dimitrios Pezaros&01413306051\hline
                                                   Dr Colin Perkins&01413302...

? 
! Missing number, treated as zero.
<to be read again> 
                   \futurelet 
l.1 ...line Dr Dimitrios Pezaros&01413306051\hline
                                                   Dr Colin Perkins&01413302...

? 
! Illegal unit of measure (pt inserted).
<to be read again> 
                   \futurelet 
l.1 ...line Dr Dimitrios Pezaros&01413306051\hline
                                                   Dr Colin Perkins&01413302...

? 
! Extra alignment tab has been changed to \cr.
<recently read> \endtemplate 
                             
l.1 ...Pezaros&01413306051\hline Dr Colin Perkins&
                                                  01413302525\hline Dr Roly ...

? 
! Misplaced \noalign.
\hline ->\noalign 
                  {\ifnum 0=`}\fi \hrule \@height \arrayrulewidth \futurelet...
l.1 ...51\hline Dr Colin Perkins&01413302525\hline
                                                   Dr Roly Perera&0141330710...

? 
! You can't use `\hrule' here except with leaders.
\hline ->\noalign {\ifnum 0=`}\fi \hrule 
                                         \@height \arrayrulewidth \futurelet...
l.1 ...51\hline Dr Colin Perkins&01413302525\hline
                                                   Dr Roly Perera&0141330710...

? 
! Missing number, treated as zero.
<to be read again> 
                   \futurelet 
l.1 ...51\hline Dr Colin Perkins&01413302525\hline
                                                   Dr Roly Perera&0141330710...

? 
! Illegal unit of measure (pt inserted).
<to be read again> 
                   \futurelet 
l.1 ...51\hline Dr Colin Perkins&01413302525\hline
                                                   Dr Roly Perera&0141330710...

? 
! Misplaced \noalign.
\hline ->\noalign 
                  {\ifnum 0=`}\fi \hrule \@height \arrayrulewidth \futurelet...
l.1 ...2525\hline Dr Roly Perera&01413307104\hline
                                                   Professor Iadh Ounis&0141...

? 
! You can't use `\hrule' here except with leaders.
\hline ->\noalign {\ifnum 0=`}\fi \hrule 
                                         \@height \arrayrulewidth \futurelet...
l.1 ...2525\hline Dr Roly Perera&01413307104\hline
                                                   Professor Iadh Ounis&0141...

? 
! Missing number, treated as zero.
<to be read again> 
                   \futurelet 
l.1 ...2525\hline Dr Roly Perera&01413307104\hline
                                                   Professor Iadh Ounis&0141...

? 
! Illegal unit of measure (pt inserted).
<to be read again> 
                   \futurelet 
l.1 ...2525\hline Dr Roly Perera&01413307104\hline
                                                   Professor Iadh Ounis&0141...

? 
! Extra alignment tab has been changed to \cr.
<recently read> \endtemplate 
                             
l.1 ...era&01413307104\hline Professor Iadh Ounis&
                                                  01413305652\hline Dr Inah ...

? 
! Misplaced \noalign.
\hline ->\noalign 
                  {\ifnum 0=`}\fi \hrule \@height \arrayrulewidth \futurelet...
l.1 ...line Professor Iadh Ounis&01413305652\hline
                                                   Dr Inah Omoronyia&0141330...

? 
! You can't use `\hrule' here except with leaders.
\hline ->\noalign {\ifnum 0=`}\fi \hrule 
                                         \@height \arrayrulewidth \futurelet...
l.1 ...line Professor Iadh Ounis&01413305652\hline
                                                   Dr Inah Omoronyia&0141330...

? 
! Missing number, treated as zero.
<to be read again> 
                   \futurelet 
l.1 ...line Professor Iadh Ounis&01413305652\hline
                                                   Dr Inah Omoronyia&0141330...

? 
! Illegal unit of measure (pt inserted).
<to be read again> 
                   \futurelet 
l.1 ...line Professor Iadh Ounis&01413305652\hline
                                                   Dr Inah Omoronyia&0141330...

? 
! Misplaced \noalign.
\hline ->\noalign 
                  {\ifnum 0=`}\fi \hrule \@height \arrayrulewidth \futurelet...
l.1 ...2\hline Dr Inah Omoronyia&01413303469\hline
                                                   Mr Oluwafemi Olukoya&0141...

? 
! You can't use `\hrule' here except with leaders.
\hline ->\noalign {\ifnum 0=`}\fi \hrule 
                                         \@height \arrayrulewidth \futurelet...
l.1 ...2\hline Dr Inah Omoronyia&01413303469\hline
                                                   Mr Oluwafemi Olukoya&0141...

? 
! Missing number, treated as zero.
<to be read again> 
                   \futurelet 
l.1 ...2\hline Dr Inah Omoronyia&01413303469\hline
                                                   Mr Oluwafemi Olukoya&0141...

? 
! Illegal unit of measure (pt inserted).
<to be read again> 
                   \futurelet 
l.1 ...2\hline Dr Inah Omoronyia&01413303469\hline
                                                   Mr Oluwafemi Olukoya&0141...

? 
! Extra alignment tab has been changed to \cr.
<recently read> \endtemplate 
                             
l.1 ...yia&01413303469\hline Mr Oluwafemi Olukoya&
                                                  01413305542\hline Dr John ...

? 
! Misplaced \noalign.
\hline ->\noalign 
                  {\ifnum 0=`}\fi \hrule \@height \arrayrulewidth \futurelet...
l.1 ...line Mr Oluwafemi Olukoya&01413305542\hline
                                                   Dr John O'Donnell&0141330...

? 
! You can't use `\hrule' here except with leaders.
\hline ->\noalign {\ifnum 0=`}\fi \hrule 
                                         \@height \arrayrulewidth \futurelet...
l.1 ...line Mr Oluwafemi Olukoya&01413305542\hline
                                                   Dr John O'Donnell&0141330...

? 
! Missing number, treated as zero.
<to be read again> 
                   \futurelet 
l.1 ...line Mr Oluwafemi Olukoya&01413305542\hline
                                                   Dr John O'Donnell&0141330...

? 
! Illegal unit of measure (pt inserted).
<to be read again> 
                   \futurelet 
l.1 ...line Mr Oluwafemi Olukoya&01413305542\hline
                                                   Dr John O'Donnell&0141330...

? 
! Misplaced \noalign.
\hline ->\noalign 
                  {\ifnum 0=`}\fi \hrule \@height \arrayrulewidth \futurelet...
l.1 ...2\hline Dr John O'Donnell&01413305458\hline
                                                   Dr Nikos Ntarmos&01413306...

? 
! You can't use `\hrule' here except with leaders.
\hline ->\noalign {\ifnum 0=`}\fi \hrule 
                                         \@height \arrayrulewidth \futurelet...
l.1 ...2\hline Dr John O'Donnell&01413305458\hline
                                                   Dr Nikos Ntarmos&01413306...

? 
! Missing number, treated as zero.
<to be read again> 
                   \futurelet 
l.1 ...2\hline Dr John O'Donnell&01413305458\hline
                                                   Dr Nikos Ntarmos&01413306...

? 
! Illegal unit of measure (pt inserted).
<to be read again> 
                   \futurelet 
l.1 ...2\hline Dr John O'Donnell&01413305458\hline
                                                   Dr Nikos Ntarmos&01413306...

? 
! Extra alignment tab has been changed to \cr.
<recently read> \endtemplate 
                             
l.1 ...Donnell&01413305458\hline Dr Nikos Ntarmos&
                                                  01413306994\hline Dr Gethi...

? 
! Misplaced \noalign.
\hline ->\noalign 
                  {\ifnum 0=`}\fi \hrule \@height \arrayrulewidth \futurelet...
l.1 ...58\hline Dr Nikos Ntarmos&01413306994\hline
                                                   Dr Gethin Norman&01413301...

? 
! You can't use `\hrule' here except with leaders.
\hline ->\noalign {\ifnum 0=`}\fi \hrule 
                                         \@height \arrayrulewidth \futurelet...
l.1 ...58\hline Dr Nikos Ntarmos&01413306994\hline
                                                   Dr Gethin Norman&01413301...

? 
! Missing number, treated as zero.
<to be read again> 
                   \futurelet 
l.1 ...58\hline Dr Nikos Ntarmos&01413306994\hline
                                                   Dr Gethin Norman&01413301...

? 
! Illegal unit of measure (pt inserted).
<to be read again> 
                   \futurelet 
l.1 ...58\hline Dr Nikos Ntarmos&01413306994\hline
                                                   Dr Gethin Norman&01413301...

? 
! Misplaced \noalign.
\hline ->\noalign 
                  {\ifnum 0=`}\fi \hrule \@height \arrayrulewidth \futurelet...
l.1 ...94\hline Dr Gethin Norman&01413301630\hline
                                                   Dr Alexander Ng&014133084...

? 
! You can't use `\hrule' here except with leaders.
\hline ->\noalign {\ifnum 0=`}\fi \hrule 
                                         \@height \arrayrulewidth \futurelet...
l.1 ...94\hline Dr Gethin Norman&01413301630\hline
                                                   Dr Alexander Ng&014133084...

? 
! Missing number, treated as zero.
<to be read again> 
                   \futurelet 
l.1 ...94\hline Dr Gethin Norman&01413301630\hline
                                                   Dr Alexander Ng&014133084...

? 
! Illegal unit of measure (pt inserted).
<to be read again> 
                   \futurelet 
l.1 ...94\hline Dr Gethin Norman&01413301630\hline
                                                   Dr Alexander Ng&014133084...

? 
! Extra alignment tab has been changed to \cr.
<recently read> \endtemplate 
                             
l.1 ...n Norman&01413301630\hline Dr Alexander Ng&
                                                  01413308430\hline Dr Syed ...

? 
! Misplaced \noalign.
\hline ->\noalign 
                  {\ifnum 0=`}\fi \hrule \@height \arrayrulewidth \futurelet...
l.1 ...630\hline Dr Alexander Ng&01413308430\hline
                                                   Dr Syed Nabi&01413302074\...

? 
! You can't use `\hrule' here except with leaders.
\hline ->\noalign {\ifnum 0=`}\fi \hrule 
                                         \@height \arrayrulewidth \futurelet...
l.1 ...630\hline Dr Alexander Ng&01413308430\hline
                                                   Dr Syed Nabi&01413302074\...

? 
! Missing number, treated as zero.
<to be read again> 
                   \futurelet 
l.1 ...630\hline Dr Alexander Ng&01413308430\hline
                                                   Dr Syed Nabi&01413302074\...

? 
! Illegal unit of measure (pt inserted).
<to be read again> 
                   \futurelet 
l.1 ...630\hline Dr Alexander Ng&01413308430\hline
                                                   Dr Syed Nabi&01413302074\...

? 
! Misplaced \noalign.
\hline ->\noalign 
                  {\ifnum 0=`}\fi \hrule \@height \arrayrulewidth \futurelet...
l.1 ...308430\hline Dr Syed Nabi&01413302074\hline
                                                   Professor Roderick Murray...

? 
! You can't use `\hrule' here except with leaders.
\hline ->\noalign {\ifnum 0=`}\fi \hrule 
                                         \@height \arrayrulewidth \futurelet...
l.1 ...308430\hline Dr Syed Nabi&01413302074\hline
                                                   Professor Roderick Murray...

? 
! Missing number, treated as zero.
<to be read again> 
                   \futurelet 
l.1 ...308430\hline Dr Syed Nabi&01413302074\hline
                                                   Professor Roderick Murray...

? 
! Illegal unit of measure (pt inserted).
<to be read again> 
                   \futurelet 
l.1 ...308430\hline Dr Syed Nabi&01413302074\hline
                                                   Professor Roderick Murray...

? 
! Extra alignment tab has been changed to \cr.
<recently read> \endtemplate 
                             
l.1 ...2074\hline Professor Roderick Murray-Smith&
                                                  01413304984\hline Dr Alist...

? 
! Misplaced \noalign.
\hline ->\noalign 
                  {\ifnum 0=`}\fi \hrule \@height \arrayrulewidth \futurelet...
l.1 ...sor Roderick Murray-Smith&01413304984\hline
                                                   Dr Alistair Morrison&0141...

? 
! You can't use `\hrule' here except with leaders.
\hline ->\noalign {\ifnum 0=`}\fi \hrule 
                                         \@height \arrayrulewidth \futurelet...
l.1 ...sor Roderick Murray-Smith&01413304984\hline
                                                   Dr Alistair Morrison&0141...

? 
! Missing number, treated as zero.
<to be read again> 
                   \futurelet 
l.1 ...sor Roderick Murray-Smith&01413304984\hline
                                                   Dr Alistair Morrison&0141...

? 
! Illegal unit of measure (pt inserted).
<to be read again> 
                   \futurelet 
l.1 ...sor Roderick Murray-Smith&01413304984\hline
                                                   Dr Alistair Morrison&0141...

? 
! Misplaced \noalign.
\hline ->\noalign 
                  {\ifnum 0=`}\fi \hrule \@height \arrayrulewidth \futurelet...
l.1 ...line Dr Alistair Morrison&01413302333\hline
                                                   Dr Alice Miller&014133044...

? 
! You can't use `\hrule' here except with leaders.
\hline ->\noalign {\ifnum 0=`}\fi \hrule 
                                         \@height \arrayrulewidth \futurelet...
l.1 ...line Dr Alistair Morrison&01413302333\hline
                                                   Dr Alice Miller&014133044...

? 
! Missing number, treated as zero.
<to be read again> 
                   \futurelet 
l.1 ...line Dr Alistair Morrison&01413302333\hline
                                                   Dr Alice Miller&014133044...

? 
! Illegal unit of measure (pt inserted).
<to be read again> 
                   \futurelet 
l.1 ...line Dr Alistair Morrison&01413302333\hline
                                                   Dr Alice Miller&014133044...

? 
! Extra alignment tab has been changed to \cr.
<recently read> \endtemplate 
                             
l.1 ...Morrison&01413302333\hline Dr Alice Miller&
                                                  01413304454\hline Mr Richa...

? 
! Misplaced \noalign.
\hline ->\noalign 
                  {\ifnum 0=`}\fi \hrule \@height \arrayrulewidth \futurelet...
l.1 ...333\hline Dr Alice Miller&01413304454\hline
                                                   Mr Richard McCreadie&6292...

? 
! You can't use `\hrule' here except with leaders.
\hline ->\noalign {\ifnum 0=`}\fi \hrule 
                                         \@height \arrayrulewidth \futurelet...
l.1 ...333\hline Dr Alice Miller&01413304454\hline
                                                   Mr Richard McCreadie&6292...

? 
! Missing number, treated as zero.
<to be read again> 
                   \futurelet 
l.1 ...333\hline Dr Alice Miller&01413304454\hline
                                                   Mr Richard McCreadie&6292...

? 
! Illegal unit of measure (pt inserted).
<to be read again> 
                   \futurelet 
l.1 ...333\hline Dr Alice Miller&01413304454\hline
                                                   Mr Richard McCreadie&6292...

? 
! Misplaced \noalign.
\hline ->\noalign 
                  {\ifnum 0=`}\fi \hrule \@height \arrayrulewidth \futurelet...
l.1 ...04454\hline Mr Richard McCreadie&6292\hline
                                                   Dr David Manlove&01413302...

? 
! You can't use `\hrule' here except with leaders.
\hline ->\noalign {\ifnum 0=`}\fi \hrule 
                                         \@height \arrayrulewidth \futurelet...
l.1 ...04454\hline Mr Richard McCreadie&6292\hline
                                                   Dr David Manlove&01413302...

? 
! Missing number, treated as zero.
<to be read again> 
                   \futurelet 
l.1 ...04454\hline Mr Richard McCreadie&6292\hline
                                                   Dr David Manlove&01413302...

? 
! Illegal unit of measure (pt inserted).
<to be read again> 
                   \futurelet 
l.1 ...04454\hline Mr Richard McCreadie&6292\hline
                                                   Dr David Manlove&01413302...

? 
! Extra alignment tab has been changed to \cr.
<recently read> \endtemplate 
                             
l.1 ...hard McCreadie&6292\hline Dr David Manlove&
                                                  01413302794\hline Dr Patri...

? 
! Misplaced \noalign.
\hline ->\noalign 
                  {\ifnum 0=`}\fi \hrule \@height \arrayrulewidth \futurelet...
l.1 ...92\hline Dr David Manlove&01413302794\hline
                                                   Dr Patrick Maier&01413302...

? 
! You can't use `\hrule' here except with leaders.
\hline ->\noalign {\ifnum 0=`}\fi \hrule 
                                         \@height \arrayrulewidth \futurelet...
l.1 ...92\hline Dr David Manlove&01413302794\hline
                                                   Dr Patrick Maier&01413302...

? 
! Missing number, treated as zero.
<to be read again> 
                   \futurelet 
l.1 ...92\hline Dr David Manlove&01413302794\hline
                                                   Dr Patrick Maier&01413302...

? 
! Illegal unit of measure (pt inserted).
<to be read again> 
                   \futurelet 
l.1 ...92\hline Dr David Manlove&01413302794\hline
                                                   Dr Patrick Maier&01413302...

? 
! Misplaced \noalign.
\hline ->\noalign 
                  {\ifnum 0=`}\fi \hrule \@height \arrayrulewidth \futurelet...
l.1 ...94\hline Dr Patrick Maier&01413302074\hline
                                                   Dr Joseph Maguire&0141330...

? 
! You can't use `\hrule' here except with leaders.
\hline ->\noalign {\ifnum 0=`}\fi \hrule 
                                         \@height \arrayrulewidth \futurelet...
l.1 ...94\hline Dr Patrick Maier&01413302074\hline
                                                   Dr Joseph Maguire&0141330...

? 
! Missing number, treated as zero.
<to be read again> 
                   \futurelet 
l.1 ...94\hline Dr Patrick Maier&01413302074\hline
                                                   Dr Joseph Maguire&0141330...

? 
! Illegal unit of measure (pt inserted).
<to be read again> 
                   \futurelet 
l.1 ...94\hline Dr Patrick Maier&01413302074\hline
                                                   Dr Joseph Maguire&0141330...

? 
! Extra alignment tab has been changed to \cr.
<recently read> \endtemplate 
                             
l.1 ... Maier&01413302074\hline Dr Joseph Maguire&
                                                  01413308536\hline Dr Lewis...

? 
! Misplaced \noalign.
\hline ->\noalign 
                  {\ifnum 0=`}\fi \hrule \@height \arrayrulewidth \futurelet...
l.1 ...4\hline Dr Joseph Maguire&01413308536\hline
                                                   Dr Lewis Mackenzie&014133...

? 
! You can't use `\hrule' here except with leaders.
\hline ->\noalign {\ifnum 0=`}\fi \hrule 
                                         \@height \arrayrulewidth \futurelet...
l.1 ...4\hline Dr Joseph Maguire&01413308536\hline
                                                   Dr Lewis Mackenzie&014133...

? 
! Missing number, treated as zero.
<to be read again> 
                   \futurelet 
l.1 ...4\hline Dr Joseph Maguire&01413308536\hline
                                                   Dr Lewis Mackenzie&014133...

? 
! Illegal unit of measure (pt inserted).
<to be read again> 
                   \futurelet 
l.1 ...4\hline Dr Joseph Maguire&01413308536\hline
                                                   Dr Lewis Mackenzie&014133...

? 
! Misplaced \noalign.
\hline ->\noalign 
                  {\ifnum 0=`}\fi \hrule \@height \arrayrulewidth \futurelet...
l.1 ...\hline Dr Lewis Mackenzie&01413304262\hline
                                                   Dr Craig MacDonald&014133...

? 
! You can't use `\hrule' here except with leaders.
\hline ->\noalign {\ifnum 0=`}\fi \hrule 
                                         \@height \arrayrulewidth \futurelet...
l.1 ...\hline Dr Lewis Mackenzie&01413304262\hline
                                                   Dr Craig MacDonald&014133...

? 
! Missing number, treated as zero.
<to be read again> 
                   \futurelet 
l.1 ...\hline Dr Lewis Mackenzie&01413304262\hline
                                                   Dr Craig MacDonald&014133...

? 
! Illegal unit of measure (pt inserted).
<to be read again> 
                   \futurelet 
l.1 ...\hline Dr Lewis Mackenzie&01413304262\hline
                                                   Dr Craig MacDonald&014133...

? 
! Extra alignment tab has been changed to \cr.
<recently read> \endtemplate 
                             
l.1 ...enzie&01413304262\hline Dr Craig MacDonald&
                                                  01413306073\hline Dr Sye L...

? 
! Misplaced \noalign.
\hline ->\noalign 
                  {\ifnum 0=`}\fi \hrule \@height \arrayrulewidth \futurelet...
l.1 ...\hline Dr Craig MacDonald&01413306073\hline
                                                   Dr Sye Loong Keoh&6569086...

? 
! You can't use `\hrule' here except with leaders.
\hline ->\noalign {\ifnum 0=`}\fi \hrule 
                                         \@height \arrayrulewidth \futurelet...
l.1 ...\hline Dr Craig MacDonald&01413306073\hline
                                                   Dr Sye Loong Keoh&6569086...

? 
! Missing number, treated as zero.
<to be read again> 
                   \futurelet 
l.1 ...\hline Dr Craig MacDonald&01413306073\hline
                                                   Dr Sye Loong Keoh&6569086...

? 
! Illegal unit of measure (pt inserted).
<to be read again> 
                   \futurelet 
l.1 ...\hline Dr Craig MacDonald&01413306073\hline
                                                   Dr Sye Loong Keoh&6569086...

? 
! Misplaced \noalign.
\hline ->\noalign 
                  {\ifnum 0=`}\fi \hrule \@height \arrayrulewidth \futurelet...
l.1 ...73\hline Dr Sye Loong Keoh&6569086044\hline
                                                   Professor Joemon Jose&014...

? 
! You can't use `\hrule' here except with leaders.
\hline ->\noalign {\ifnum 0=`}\fi \hrule 
                                         \@height \arrayrulewidth \futurelet...
l.1 ...73\hline Dr Sye Loong Keoh&6569086044\hline
                                                   Professor Joemon Jose&014...

? 
! Missing number, treated as zero.
<to be read again> 
                   \futurelet 
l.1 ...73\hline Dr Sye Loong Keoh&6569086044\hline
                                                   Professor Joemon Jose&014...

? 
! Illegal unit of measure (pt inserted).
<to be read again> 
                   \futurelet 
l.1 ...73\hline Dr Sye Loong Keoh&6569086044\hline
                                                   Professor Joemon Jose&014...

? 
! Extra alignment tab has been changed to \cr.
<recently read> \endtemplate 
                             
l.1 ...eoh&6569086044\hline Professor Joemon Jose&
                                                  01413301636\hline Professo...

? 
! Misplaced \noalign.
\hline ->\noalign 
                  {\ifnum 0=`}\fi \hrule \@height \arrayrulewidth \futurelet...
l.1 ...ine Professor Joemon Jose&01413301636\hline
                                                   Professor Chris Johnson&0...

? 
! You can't use `\hrule' here except with leaders.
\hline ->\noalign {\ifnum 0=`}\fi \hrule 
                                         \@height \arrayrulewidth \futurelet...
l.1 ...ine Professor Joemon Jose&01413301636\hline
                                                   Professor Chris Johnson&0...

? 
! Missing number, treated as zero.
<to be read again> 
                   \futurelet 
l.1 ...ine Professor Joemon Jose&01413301636\hline
                                                   Professor Chris Johnson&0...

? 
! Illegal unit of measure (pt inserted).
<to be read again> 
                   \futurelet 
l.1 ...ine Professor Joemon Jose&01413301636\hline
                                                   Professor Chris Johnson&0...

? 
! Misplaced \noalign.
\hline ->\noalign 
                  {\ifnum 0=`}\fi \hrule \@height \arrayrulewidth \futurelet...
l.1 ...e Professor Chris Johnson&01413306053\hline
                                                   Dr Bjorn Jensen&014133016...

? 
! You can't use `\hrule' here except with leaders.
\hline ->\noalign {\ifnum 0=`}\fi \hrule 
                                         \@height \arrayrulewidth \futurelet...
l.1 ...e Professor Chris Johnson&01413306053\hline
                                                   Dr Bjorn Jensen&014133016...

? 
! Missing number, treated as zero.
<to be read again> 
                   \futurelet 
l.1 ...e Professor Chris Johnson&01413306053\hline
                                                   Dr Bjorn Jensen&014133016...

? 
! Illegal unit of measure (pt inserted).
<to be read again> 
                   \futurelet 
l.1 ...e Professor Chris Johnson&01413306053\hline
                                                   Dr Bjorn Jensen&014133016...

? 
! Extra alignment tab has been changed to \cr.
<recently read> \endtemplate 
                             
l.1 ... Johnson&01413306053\hline Dr Bjorn Jensen&
                                                  01413301639\hline Dr Cathe...

? 
! Misplaced \noalign.
\hline ->\noalign 
                  {\ifnum 0=`}\fi \hrule \@height \arrayrulewidth \futurelet...
l.1 ...053\hline Dr Bjorn Jensen&01413301639\hline
                                                   Dr Catherine Higham&01413...

? 
! You can't use `\hrule' here except with leaders.
\hline ->\noalign {\ifnum 0=`}\fi \hrule 
                                         \@height \arrayrulewidth \futurelet...
l.1 ...053\hline Dr Bjorn Jensen&01413301639\hline
                                                   Dr Catherine Higham&01413...

? 
! Missing number, treated as zero.
<to be read again> 
                   \futurelet 
l.1 ...053\hline Dr Bjorn Jensen&01413301639\hline
                                                   Dr Catherine Higham&01413...

? 
! Illegal unit of measure (pt inserted).
<to be read again> 
                   \futurelet 
l.1 ...053\hline Dr Bjorn Jensen&01413301639\hline
                                                   Dr Catherine Higham&01413...

? 
! Misplaced \noalign.
\hline ->\noalign 
                  {\ifnum 0=`}\fi \hrule \@height \arrayrulewidth \futurelet...
l.1 ...hline Dr Catherine Higham&01413304767\hline
                                                   Professor Simon Gay&01413...

? 
! You can't use `\hrule' here except with leaders.
\hline ->\noalign {\ifnum 0=`}\fi \hrule 
                                         \@height \arrayrulewidth \futurelet...
l.1 ...hline Dr Catherine Higham&01413304767\hline
                                                   Professor Simon Gay&01413...

? 
! Missing number, treated as zero.
<to be read again> 
                   \futurelet 
l.1 ...hline Dr Catherine Higham&01413304767\hline
                                                   Professor Simon Gay&01413...

? 
! Illegal unit of measure (pt inserted).
<to be read again> 
                   \futurelet 
l.1 ...hline Dr Catherine Higham&01413304767\hline
                                                   Professor Simon Gay&01413...

? 
! Extra alignment tab has been changed to \cr.
<recently read> \endtemplate 
                             
l.1 ...gham&01413304767\hline Professor Simon Gay&
                                                  01413306035\hline Dr Mary ...

? 
! Misplaced \noalign.
\hline ->\noalign 
                  {\ifnum 0=`}\fi \hrule \@height \arrayrulewidth \futurelet...
l.1 ...hline Professor Simon Gay&01413306035\hline
                                                   Dr Mary Ellen Foster&0141...

? 
! You can't use `\hrule' here except with leaders.
\hline ->\noalign {\ifnum 0=`}\fi \hrule 
                                         \@height \arrayrulewidth \futurelet...
l.1 ...hline Professor Simon Gay&01413306035\hline
                                                   Dr Mary Ellen Foster&0141...

? 
! Missing number, treated as zero.
<to be read again> 
                   \futurelet 
l.1 ...hline Professor Simon Gay&01413306035\hline
                                                   Dr Mary Ellen Foster&0141...

? 
! Illegal unit of measure (pt inserted).
<to be read again> 
                   \futurelet 
l.1 ...hline Professor Simon Gay&01413306035\hline
                                                   Dr Mary Ellen Foster&0141...

? 
! Misplaced \noalign.
\hline ->\noalign 
                  {\ifnum 0=`}\fi \hrule \@height \arrayrulewidth \futurelet...
l.1 ...line Dr Mary Ellen Foster&01413304742\hline
                                                   Dr Felix Fischer&01413304...

? 
! You can't use `\hrule' here except with leaders.
\hline ->\noalign {\ifnum 0=`}\fi \hrule 
                                         \@height \arrayrulewidth \futurelet...
l.1 ...line Dr Mary Ellen Foster&01413304742\hline
                                                   Dr Felix Fischer&01413304...

? 
! Missing number, treated as zero.
<to be read again> 
                   \futurelet 
l.1 ...line Dr Mary Ellen Foster&01413304742\hline
                                                   Dr Felix Fischer&01413304...

? 
! Illegal unit of measure (pt inserted).
<to be read again> 
                   \futurelet 
l.1 ...line Dr Mary Ellen Foster&01413304742\hline
                                                   Dr Felix Fischer&01413304...

? 
! Extra alignment tab has been changed to \cr.
<recently read> \endtemplate 
                             
l.1 ... Foster&01413304742\hline Dr Felix Fischer&
                                                  01413304470\hline Miss Mar...

? 
! Misplaced \noalign.
\hline ->\noalign 
                  {\ifnum 0=`}\fi \hrule \@height \arrayrulewidth \futurelet...
l.1 ...42\hline Dr Felix Fischer&01413304470\hline
                                                   Miss Maria Evangelopoulou...

? 
! You can't use `\hrule' here except with leaders.
\hline ->\noalign {\ifnum 0=`}\fi \hrule 
                                         \@height \arrayrulewidth \futurelet...
l.1 ...42\hline Dr Felix Fischer&01413304470\hline
                                                   Miss Maria Evangelopoulou...

? 
! Missing number, treated as zero.
<to be read again> 
                   \futurelet 
l.1 ...42\hline Dr Felix Fischer&01413304470\hline
                                                   Miss Maria Evangelopoulou...

? 
! Illegal unit of measure (pt inserted).
<to be read again> 
                   \futurelet 
l.1 ...42\hline Dr Felix Fischer&01413304470\hline
                                                   Miss Maria Evangelopoulou...

? 
! Misplaced \noalign.
\hline ->\noalign 
                  {\ifnum 0=`}\fi \hrule \@height \arrayrulewidth \futurelet...
l.1 ...iss Maria Evangelopoulou&441413306056\hline
                                                   Dr Rosanne English&014133...

? 
! You can't use `\hrule' here except with leaders.
\hline ->\noalign {\ifnum 0=`}\fi \hrule 
                                         \@height \arrayrulewidth \futurelet...
l.1 ...iss Maria Evangelopoulou&441413306056\hline
                                                   Dr Rosanne English&014133...

? 
! Missing number, treated as zero.
<to be read again> 
                   \futurelet 
l.1 ...iss Maria Evangelopoulou&441413306056\hline
                                                   Dr Rosanne English&014133...

? 
! Illegal unit of measure (pt inserted).
<to be read again> 
                   \futurelet 
l.1 ...iss Maria Evangelopoulou&441413306056\hline
                                                   Dr Rosanne English&014133...

? 
! Extra alignment tab has been changed to \cr.
<recently read> \endtemplate 
                             
l.1 ...ulou&441413306056\hline Dr Rosanne English&
                                                  01413304933\hline Dr Ornel...

? 
! Misplaced \noalign.
\hline ->\noalign 
                  {\ifnum 0=`}\fi \hrule \@height \arrayrulewidth \futurelet...
l.1 ...\hline Dr Rosanne English&01413304933\hline
                                                   Dr Ornela Dardha&44014133...

? 
! You can't use `\hrule' here except with leaders.
\hline ->\noalign {\ifnum 0=`}\fi \hrule 
                                         \@height \arrayrulewidth \futurelet...
l.1 ...\hline Dr Rosanne English&01413304933\hline
                                                   Dr Ornela Dardha&44014133...

? 
! Missing number, treated as zero.
<to be read again> 
                   \futurelet 
l.1 ...\hline Dr Rosanne English&01413304933\hline
                                                   Dr Ornela Dardha&44014133...

? 
! Illegal unit of measure (pt inserted).
<to be read again> 
                   \futurelet 
l.1 ...\hline Dr Rosanne English&01413304933\hline
                                                   Dr Ornela Dardha&44014133...

? 
! Misplaced \noalign.
\hline ->\noalign 
                  {\ifnum 0=`}\fi \hrule \@height \arrayrulewidth \futurelet...
l.1 ...\hline Dr Ornela Dardha&4401413303754\hline
                                                   Professor Quintin Cutts&0...

? 
! You can't use `\hrule' here except with leaders.
\hline ->\noalign {\ifnum 0=`}\fi \hrule 
                                         \@height \arrayrulewidth \futurelet...
l.1 ...\hline Dr Ornela Dardha&4401413303754\hline
                                                   Professor Quintin Cutts&0...

? 
! Missing number, treated as zero.
<to be read again> 
                   \futurelet 
l.1 ...\hline Dr Ornela Dardha&4401413303754\hline
                                                   Professor Quintin Cutts&0...

? 
! Illegal unit of measure (pt inserted).
<to be read again> 
                   \futurelet 
l.1 ...\hline Dr Ornela Dardha&4401413303754\hline
                                                   Professor Quintin Cutts&0...

? 
! Extra alignment tab has been changed to \cr.
<recently read> \endtemplate 
                             
l.1 ...401413303754\hline Professor Quintin Cutts&
                                                  01413305619\hline Dr Natal...

? 
! Misplaced \noalign.
\hline ->\noalign 
                  {\ifnum 0=`}\fi \hrule \@height \arrayrulewidth \futurelet...
l.1 ...e Professor Quintin Cutts&01413305619\hline
                                                   Dr Natalia Chechina&01413...

? 
! You can't use `\hrule' here except with leaders.
\hline ->\noalign {\ifnum 0=`}\fi \hrule 
                                         \@height \arrayrulewidth \futurelet...
l.1 ...e Professor Quintin Cutts&01413305619\hline
                                                   Dr Natalia Chechina&01413...

? 
! Missing number, treated as zero.
<to be read again> 
                   \futurelet 
l.1 ...e Professor Quintin Cutts&01413305619\hline
                                                   Dr Natalia Chechina&01413...

? 
! Illegal unit of measure (pt inserted).
<to be read again> 
                   \futurelet 
l.1 ...e Professor Quintin Cutts&01413305619\hline
                                                   Dr Natalia Chechina&01413...

? 
! Misplaced \noalign.
\hline ->\noalign 
                  {\ifnum 0=`}\fi \hrule \@height \arrayrulewidth \futurelet...
l.1 ...hline Dr Natalia Chechina&01413305029\hline
                                                   Professor Matthew Chalmer...

? 
! You can't use `\hrule' here except with leaders.
\hline ->\noalign {\ifnum 0=`}\fi \hrule 
                                         \@height \arrayrulewidth \futurelet...
l.1 ...hline Dr Natalia Chechina&01413305029\hline
                                                   Professor Matthew Chalmer...

? 
! Missing number, treated as zero.
<to be read again> 
                   \futurelet 
l.1 ...hline Dr Natalia Chechina&01413305029\hline
                                                   Professor Matthew Chalmer...

? 
! Illegal unit of measure (pt inserted).
<to be read again> 
                   \futurelet 
l.1 ...hline Dr Natalia Chechina&01413305029\hline
                                                   Professor Matthew Chalmer...

? 
! Extra alignment tab has been changed to \cr.
<recently read> \endtemplate 
                             
l.1 ...413305029\hline Professor Matthew Chalmers&
                                                  01413304500\hline Professo...

? 
! Misplaced \noalign.
\hline ->\noalign 
                  {\ifnum 0=`}\fi \hrule \@height \arrayrulewidth \futurelet...
l.1 ...rofessor Matthew Chalmers&01413304500\hline
                                                   Professor Muffy Calder&01...

? 
! You can't use `\hrule' here except with leaders.
\hline ->\noalign {\ifnum 0=`}\fi \hrule 
                                         \@height \arrayrulewidth \futurelet...
l.1 ...rofessor Matthew Chalmers&01413304500\hline
                                                   Professor Muffy Calder&01...

? 
! Missing number, treated as zero.
<to be read again> 
                   \futurelet 
l.1 ...rofessor Matthew Chalmers&01413304500\hline
                                                   Professor Muffy Calder&01...

? 
! Illegal unit of measure (pt inserted).
<to be read again> 
                   \futurelet 
l.1 ...rofessor Matthew Chalmers&01413304500\hline
                                                   Professor Muffy Calder&01...

? 
! Misplaced \noalign.
\hline ->\noalign 
                  {\ifnum 0=`}\fi \hrule \@height \arrayrulewidth \futurelet...
l.1 ...ne Professor Muffy Calder&01413304462\hline
                                                   Professor Stephen Brewste...

? 
! You can't use `\hrule' here except with leaders.
\hline ->\noalign {\ifnum 0=`}\fi \hrule 
                                         \@height \arrayrulewidth \futurelet...
l.1 ...ne Professor Muffy Calder&01413304462\hline
                                                   Professor Stephen Brewste...

? 
! Missing number, treated as zero.
<to be read again> 
                   \futurelet 
l.1 ...ne Professor Muffy Calder&01413304462\hline
                                                   Professor Stephen Brewste...

? 
! Illegal unit of measure (pt inserted).
<to be read again> 
                   \futurelet 
l.1 ...ne Professor Muffy Calder&01413304462\hline
                                                   Professor Stephen Brewste...

? 
! Extra alignment tab has been changed to \cr.
<recently read> \endtemplate 
                             
l.1 ...413304462\hline Professor Stephen Brewster&
                                                  01413304966\hline Dr Gerar...

? 
! Misplaced \noalign.
\hline ->\noalign 
                  {\ifnum 0=`}\fi \hrule \@height \arrayrulewidth \futurelet...
l.1 ...rofessor Stephen Brewster&01413304966\hline
                                                   Dr Gerardo Aragon Camaras...

? 
! You can't use `\hrule' here except with leaders.
\hline ->\noalign {\ifnum 0=`}\fi \hrule 
                                         \@height \arrayrulewidth \futurelet...
l.1 ...rofessor Stephen Brewster&01413304966\hline
                                                   Dr Gerardo Aragon Camaras...

? 
! Missing number, treated as zero.
<to be read again> 
                   \futurelet 
l.1 ...rofessor Stephen Brewster&01413304966\hline
                                                   Dr Gerardo Aragon Camaras...

? 
! Illegal unit of measure (pt inserted).
<to be read again> 
                   \futurelet 
l.1 ...rofessor Stephen Brewster&01413304966\hline
                                                   Dr Gerardo Aragon Camaras...

? 
! Misplaced \noalign.
\hline ->\noalign 
                  {\ifnum 0=`}\fi \hrule \@height \arrayrulewidth \futurelet...
l.1 ...r Gerardo Aragon Camarasa&01413305323\hline
                                                   Dr Oana Andrei&0141330545...

? 
! You can't use `\hrule' here except with leaders.
\hline ->\noalign {\ifnum 0=`}\fi \hrule 
                                         \@height \arrayrulewidth \futurelet...
l.1 ...r Gerardo Aragon Camarasa&01413305323\hline
                                                   Dr Oana Andrei&0141330545...

? 
! Missing number, treated as zero.
<to be read again> 
                   \futurelet 
l.1 ...r Gerardo Aragon Camarasa&01413305323\hline
                                                   Dr Oana Andrei&0141330545...

? 
! Illegal unit of measure (pt inserted).
<to be read again> 
                   \futurelet 
l.1 ...r Gerardo Aragon Camarasa&01413305323\hline
                                                   Dr Oana Andrei&0141330545...

? 
! Extra alignment tab has been changed to \cr.
<recently read> \endtemplate 
                             
l.1 ... Camarasa&01413305323\hline Dr Oana Andrei&
                                                  01413305457\hline Dr Chris...

? 
! Misplaced \noalign.
\hline ->\noalign 
                  {\ifnum 0=`}\fi \hrule \@height \arrayrulewidth \futurelet...
l.1 ...5323\hline Dr Oana Andrei&01413305457\hline
                                                   Dr Christos Anagnostopoul...

? 
! You can't use `\hrule' here except with leaders.
\hline ->\noalign {\ifnum 0=`}\fi \hrule 
                                         \@height \arrayrulewidth \futurelet...
l.1 ...5323\hline Dr Oana Andrei&01413305457\hline
                                                   Dr Christos Anagnostopoul...

? 
! Missing number, treated as zero.
<to be read again> 
                   \futurelet 
l.1 ...5323\hline Dr Oana Andrei&01413305457\hline
                                                   Dr Christos Anagnostopoul...

? 
! Illegal unit of measure (pt inserted).
<to be read again> 
                   \futurelet 
l.1 ...5323\hline Dr Oana Andrei&01413305457\hline
                                                   Dr Christos Anagnostopoul...

? 
! Misplaced \noalign.
\hline ->\noalign 
                  {\ifnum 0=`}\fi \hrule \@height \arrayrulewidth \futurelet...
l.1 ... Christos Anagnostopoulos&01413307252\hline
                                                   \end{tabular}\end{center}...

? 
! You can't use `\hrule' here except with leaders.
\hline ->\noalign {\ifnum 0=`}\fi \hrule 
                                         \@height \arrayrulewidth \futurelet...
l.1 ... Christos Anagnostopoulos&01413307252\hline
                                                   \end{tabular}\end{center}...

? 
! Missing number, treated as zero.
<to be read again> 
                   \futurelet 
l.1 ... Christos Anagnostopoulos&01413307252\hline
                                                   \end{tabular}\end{center}...

? 
! Illegal unit of measure (pt inserted).
<to be read again> 
                   \futurelet 
l.1 ... Christos Anagnostopoulos&01413307252\hline
                                                   \end{tabular}\end{center}...

? 

Overfull \hbox (122.9871pt too wide) in paragraph at lines 1--1
 [] 
 []

[1

{/var/lib/texmf/fonts/map/pdftex/updmap/pdftex.map}] (./directory.aux) ) 
Here is how much of TeX's memory you used:
 227 strings out of 493105
 2455 string characters out of 6137071
 56476 words of memory out of 5000000
 3770 multiletter control sequences out of 15000+600000
 7280 words of font info for 26 fonts, out of 8000000 for 9000
 1141 hyphenation exceptions out of 8191
 23i,6n,17p,2454b,187s stack positions out of 5000i,500n,10000p,200000b,80000s
</usr/s
hare/texlive/texmf-dist/fonts/type1/public/amsfonts/cm/cmbx12.pfb></usr/share/t
exlive/texmf-dist/fonts/type1/public/amsfonts/cm/cmr10.pfb></usr/share/texlive/
texmf-dist/fonts/type1/public/amsfonts/cm/cmr12.pfb></usr/share/texlive/texmf-d
ist/fonts/type1/public/amsfonts/cm/cmr17.pfb>
Output written on directory.pdf (1 page, 54207 bytes).
PDF statistics:
 24 PDF objects out of 1000 (max. 8388607)
 16 compressed objects within 1 object stream
 0 named destinations out of 1000 (max. 500000)
 1 words of extra memory for PDF output out of 10000 (max. 10000000)

